2021-05-16 20:55:25.969 [main][3437] INFO  step_definition.Hooks - Launch Chrome Browser
2021-05-16 20:55:32.825 [main][10293] INFO  page_objects.Login_page - username  is entered
2021-05-16 20:55:34.015 [main][11483] INFO  page_objects.Login_page - password  is entered
2021-05-16 20:55:37.115 [main][14583] INFO  page_objects.Login_page - sign in button clicked
2021-05-16 20:55:52.254 [main][29722] ERROR command_providers.ElementActions - Element Exception for the locator By.xpath: //*[@id="root"]/div/div/div/div/div[text()='Sorry, something went wrong. Please try again.'] and exception is: org.openqa.selenium.NoSuchElementException: no such element: Unable to locate element: {"method":"xpath","selector":"//*[@id="root"]/div/div/div/div/div[text()='Sorry, something went wrong. Please try again.']"}
  (Session info: chrome=90.0.4430.212)
For documentation on this error, please visit: https://www.seleniumhq.org/exceptions/no_such_element.html
Build info: version: '3.141.59', revision: 'e82be7d358', time: '2018-11-14T08:17:03'
System info: host: 'LAPTOP-LMD2MKNK', ip: '192.168.1.25', os.name: 'Windows 10', os.arch: 'amd64', os.version: '10.0', java.version: '11.0.11'
Driver info: org.openqa.selenium.chrome.ChromeDriver
Capabilities {acceptInsecureCerts: false, browserName: chrome, browserVersion: 90.0.4430.212, chrome: {chromedriverVersion: 90.0.4430.24 (4c6d850f087da..., userDataDir: C:\Users\alimu\AppData\Loca...}, goog:chromeOptions: {debuggerAddress: localhost:51082}, javascriptEnabled: true, networkConnectionEnabled: false, pageLoadStrategy: normal, platform: WINDOWS, platformName: WINDOWS, proxy: Proxy(), setWindowRect: true, strictFileInteractability: false, timeouts: {implicit: 0, pageLoad: 300000, script: 30000}, unhandledPromptBehavior: dismiss and notify, webauthn:extension:largeBlob: true, webauthn:virtualAuthenticators: true}
Session ID: 3aba7fcc7dd7b9ce80466208a8ffbe4f
*** Element info: {Using=xpath, value=//*[@id="root"]/div/div/div/div/div[text()='Sorry, something went wrong. Please try again.']}
2021-05-16 20:55:52.934 [main][30402] INFO  step_definition.Hooks - Close Chrome Browser
2021-05-16 20:55:54.059 [main][31527] INFO  step_definition.Hooks - Launch Chrome Browser
2021-05-16 20:56:00.348 [main][37816] INFO  page_objects.Login_page - username  is entered
2021-05-16 20:56:01.556 [main][39024] INFO  page_objects.Login_page - password  is entered
2021-05-16 20:56:04.830 [main][42298] INFO  page_objects.Login_page - sign in button clicked
2021-05-16 20:56:19.867 [main][57335] ERROR command_providers.ElementActions - Element Exception for the locator By.xpath: //*[@id='password--ErrorMessage'] and exception is: org.openqa.selenium.NoSuchElementException: no such element: Unable to locate element: {"method":"xpath","selector":"//*[@id='password--ErrorMessage']"}
  (Session info: chrome=90.0.4430.212)
For documentation on this error, please visit: https://www.seleniumhq.org/exceptions/no_such_element.html
Build info: version: '3.141.59', revision: 'e82be7d358', time: '2018-11-14T08:17:03'
System info: host: 'LAPTOP-LMD2MKNK', ip: '192.168.1.25', os.name: 'Windows 10', os.arch: 'amd64', os.version: '10.0', java.version: '11.0.11'
Driver info: org.openqa.selenium.chrome.ChromeDriver
Capabilities {acceptInsecureCerts: false, browserName: chrome, browserVersion: 90.0.4430.212, chrome: {chromedriverVersion: 90.0.4430.24 (4c6d850f087da..., userDataDir: C:\Users\alimu\AppData\Loca...}, goog:chromeOptions: {debuggerAddress: localhost:51145}, javascriptEnabled: true, networkConnectionEnabled: false, pageLoadStrategy: normal, platform: WINDOWS, platformName: WINDOWS, proxy: Proxy(), setWindowRect: true, strictFileInteractability: false, timeouts: {implicit: 0, pageLoad: 300000, script: 30000}, unhandledPromptBehavior: dismiss and notify, webauthn:extension:largeBlob: true, webauthn:virtualAuthenticators: true}
Session ID: d807ccde422e5831a0c058a246812cc8
*** Element info: {Using=xpath, value=//*[@id='password--ErrorMessage']}
2021-05-16 20:56:20.493 [main][57961] INFO  step_definition.Hooks - Close Chrome Browser
