2021-05-16 21:04:43.680 [main][3578] INFO  step_definition.Hooks - Launch Chrome Browser
2021-05-16 21:04:49.759 [main][9657] INFO  page_objects.Login_page - username  is entered
2021-05-16 21:04:50.950 [main][10848] INFO  page_objects.Login_page - password  is entered
2021-05-16 21:04:54.055 [main][13953] INFO  page_objects.Login_page - sign in button clicked
2021-05-16 21:05:09.160 [main][29058] ERROR command_providers.ElementActions - Element Exception for the locator By.xpath: //*[@id="root"]/div/div/div/div/div[text()='Sorry, something went wrong. Please try again.'] and exception is: org.openqa.selenium.NoSuchElementException: no such element: Unable to locate element: {"method":"xpath","selector":"//*[@id="root"]/div/div/div/div/div[text()='Sorry, something went wrong. Please try again.']"}
  (Session info: chrome=90.0.4430.212)
For documentation on this error, please visit: https://www.seleniumhq.org/exceptions/no_such_element.html
Build info: version: '3.141.59', revision: 'e82be7d358', time: '2018-11-14T08:17:03'
System info: host: 'LAPTOP-LMD2MKNK', ip: '192.168.1.25', os.name: 'Windows 10', os.arch: 'amd64', os.version: '10.0', java.version: '11.0.11'
Driver info: org.openqa.selenium.chrome.ChromeDriver
Capabilities {acceptInsecureCerts: false, browserName: chrome, browserVersion: 90.0.4430.212, chrome: {chromedriverVersion: 90.0.4430.24 (4c6d850f087da..., userDataDir: C:\Users\alimu\AppData\Loca...}, goog:chromeOptions: {debuggerAddress: localhost:51604}, javascriptEnabled: true, networkConnectionEnabled: false, pageLoadStrategy: normal, platform: WINDOWS, platformName: WINDOWS, proxy: Proxy(), setWindowRect: true, strictFileInteractability: false, timeouts: {implicit: 0, pageLoad: 300000, script: 30000}, unhandledPromptBehavior: dismiss and notify, webauthn:extension:largeBlob: true, webauthn:virtualAuthenticators: true}
Session ID: 443ddca57bad219bfc42dce7637f246f
*** Element info: {Using=xpath, value=//*[@id="root"]/div/div/div/div/div[text()='Sorry, something went wrong. Please try again.']}
2021-05-16 21:05:09.807 [main][29705] INFO  step_definition.Hooks - Close Chrome Browser
2021-05-16 21:05:10.968 [main][30866] INFO  step_definition.Hooks - Launch Chrome Browser
2021-05-16 21:05:18.293 [main][38191] INFO  page_objects.Login_page - username  is entered
2021-05-16 21:05:19.481 [main][39379] INFO  page_objects.Login_page - password  is entered
2021-05-16 21:05:22.836 [main][42734] INFO  page_objects.Login_page - sign in button clicked
2021-05-16 21:05:37.879 [main][57777] ERROR command_providers.ElementActions - Element Exception for the locator By.xpath: //input[@id='username']/following::span[text()='Please enter a valid password'][2] and exception is: org.openqa.selenium.NoSuchElementException: no such element: Unable to locate element: {"method":"xpath","selector":"//input[@id='username']/following::span[text()='Please enter a valid password'][2]"}
  (Session info: chrome=90.0.4430.212)
For documentation on this error, please visit: https://www.seleniumhq.org/exceptions/no_such_element.html
Build info: version: '3.141.59', revision: 'e82be7d358', time: '2018-11-14T08:17:03'
System info: host: 'LAPTOP-LMD2MKNK', ip: '192.168.1.25', os.name: 'Windows 10', os.arch: 'amd64', os.version: '10.0', java.version: '11.0.11'
Driver info: org.openqa.selenium.chrome.ChromeDriver
Capabilities {acceptInsecureCerts: false, browserName: chrome, browserVersion: 90.0.4430.212, chrome: {chromedriverVersion: 90.0.4430.24 (4c6d850f087da..., userDataDir: C:\Users\alimu\AppData\Loca...}, goog:chromeOptions: {debuggerAddress: localhost:51667}, javascriptEnabled: true, networkConnectionEnabled: false, pageLoadStrategy: normal, platform: WINDOWS, platformName: WINDOWS, proxy: Proxy(), setWindowRect: true, strictFileInteractability: false, timeouts: {implicit: 0, pageLoad: 300000, script: 30000}, unhandledPromptBehavior: dismiss and notify, webauthn:extension:largeBlob: true, webauthn:virtualAuthenticators: true}
Session ID: 686b5ba88e3f5d7a592e322d9de03224
*** Element info: {Using=xpath, value=//input[@id='username']/following::span[text()='Please enter a valid password'][2]}
2021-05-16 21:05:38.560 [main][58458] INFO  step_definition.Hooks - Close Chrome Browser
