2021-05-16 20:53:06.147 [main][3413] INFO  step_definition.Hooks - Launch Chrome Browser
2021-05-16 20:53:19.234 [main][16500] INFO  page_objects.Login_page - username  is entered
2021-05-16 20:53:21.511 [main][18777] INFO  page_objects.Login_page - password  is entered
2021-05-16 20:53:23.594 [main][20860] INFO  page_objects.Login_page - sign in button clicked
2021-05-16 20:53:38.746 [main][36012] ERROR command_providers.ElementActions - Element Exception for the locator By.xpath: //*[@id="root"]/div/div/div/div/div[text()='Sorry, something went wrong. Please try again.'] and exception is: org.openqa.selenium.NoSuchElementException: no such element: Unable to locate element: {"method":"xpath","selector":"//*[@id="root"]/div/div/div/div/div[text()='Sorry, something went wrong. Please try again.']"}
  (Session info: chrome=90.0.4430.212)
For documentation on this error, please visit: https://www.seleniumhq.org/exceptions/no_such_element.html
Build info: version: '3.141.59', revision: 'e82be7d358', time: '2018-11-14T08:17:03'
System info: host: 'LAPTOP-LMD2MKNK', ip: '192.168.1.25', os.name: 'Windows 10', os.arch: 'amd64', os.version: '10.0', java.version: '11.0.11'
Driver info: org.openqa.selenium.chrome.ChromeDriver
Capabilities {acceptInsecureCerts: false, browserName: chrome, browserVersion: 90.0.4430.212, chrome: {chromedriverVersion: 90.0.4430.24 (4c6d850f087da..., userDataDir: C:\Users\alimu\AppData\Loca...}, goog:chromeOptions: {debuggerAddress: localhost:50791}, javascriptEnabled: true, networkConnectionEnabled: false, pageLoadStrategy: normal, platform: WINDOWS, platformName: WINDOWS, proxy: Proxy(), setWindowRect: true, strictFileInteractability: false, timeouts: {implicit: 0, pageLoad: 300000, script: 30000}, unhandledPromptBehavior: dismiss and notify, webauthn:extension:largeBlob: true, webauthn:virtualAuthenticators: true}
Session ID: a14143c86965b2cfe7aa350143827a87
*** Element info: {Using=xpath, value=//*[@id="root"]/div/div/div/div/div[text()='Sorry, something went wrong. Please try again.']}
2021-05-16 20:53:39.859 [main][37125] INFO  step_definition.Hooks - Launch Chrome Browser
2021-05-16 20:53:52.706 [main][49972] INFO  page_objects.Login_page - username  is entered
2021-05-16 20:53:54.925 [main][52191] INFO  page_objects.Login_page - password  is entered
2021-05-16 20:53:57.148 [main][54414] INFO  page_objects.Login_page - sign in button clicked
2021-05-16 20:54:12.221 [main][69487] ERROR command_providers.ElementActions - Element Exception for the locator By.xpath: //*[@id='password--ErrorMessage'] and exception is: org.openqa.selenium.NoSuchElementException: no such element: Unable to locate element: {"method":"xpath","selector":"//*[@id='password--ErrorMessage']"}
  (Session info: chrome=90.0.4430.212)
For documentation on this error, please visit: https://www.seleniumhq.org/exceptions/no_such_element.html
Build info: version: '3.141.59', revision: 'e82be7d358', time: '2018-11-14T08:17:03'
System info: host: 'LAPTOP-LMD2MKNK', ip: '192.168.1.25', os.name: 'Windows 10', os.arch: 'amd64', os.version: '10.0', java.version: '11.0.11'
Driver info: org.openqa.selenium.chrome.ChromeDriver
Capabilities {acceptInsecureCerts: false, browserName: chrome, browserVersion: 90.0.4430.212, chrome: {chromedriverVersion: 90.0.4430.24 (4c6d850f087da..., userDataDir: C:\Users\alimu\AppData\Loca...}, goog:chromeOptions: {debuggerAddress: localhost:50856}, javascriptEnabled: true, networkConnectionEnabled: false, pageLoadStrategy: normal, platform: WINDOWS, platformName: WINDOWS, proxy: Proxy(), setWindowRect: true, strictFileInteractability: false, timeouts: {implicit: 0, pageLoad: 300000, script: 30000}, unhandledPromptBehavior: dismiss and notify, webauthn:extension:largeBlob: true, webauthn:virtualAuthenticators: true}
Session ID: 0f796e9358fd289972c4899c63e1def3
*** Element info: {Using=xpath, value=//*[@id='password--ErrorMessage']}
