2021-05-16 21:23:08.583 [main][3562] INFO  step_definition.Hooks - Launch Chrome Browser
2021-05-16 21:23:14.772 [main][9751] INFO  page_objects.Login_page - username  is entered
2021-05-16 21:23:15.949 [main][10928] INFO  page_objects.Login_page - password  is entered
2021-05-16 21:23:19.066 [main][14045] INFO  page_objects.Login_page - sign in button clicked
2021-05-16 21:23:34.217 [main][29196] ERROR command_providers.ElementActions - Element Exception for the locator By.xpath: //*[@id="root"]/div/div/div/div/div[text()='Sorry, something went wrong. Please try again.'] and exception is: org.openqa.selenium.NoSuchElementException: no such element: Unable to locate element: {"method":"xpath","selector":"//*[@id="root"]/div/div/div/div/div[text()='Sorry, something went wrong. Please try again.']"}
  (Session info: chrome=90.0.4430.212)
For documentation on this error, please visit: https://www.seleniumhq.org/exceptions/no_such_element.html
Build info: version: '3.141.59', revision: 'e82be7d358', time: '2018-11-14T08:17:03'
System info: host: 'LAPTOP-LMD2MKNK', ip: '192.168.1.25', os.name: 'Windows 10', os.arch: 'amd64', os.version: '10.0', java.version: '11.0.11'
Driver info: org.openqa.selenium.chrome.ChromeDriver
Capabilities {acceptInsecureCerts: false, browserName: chrome, browserVersion: 90.0.4430.212, chrome: {chromedriverVersion: 90.0.4430.24 (4c6d850f087da..., userDataDir: C:\Users\alimu\AppData\Loca...}, goog:chromeOptions: {debuggerAddress: localhost:52694}, javascriptEnabled: true, networkConnectionEnabled: false, pageLoadStrategy: normal, platform: WINDOWS, platformName: WINDOWS, proxy: Proxy(), setWindowRect: true, strictFileInteractability: false, timeouts: {implicit: 0, pageLoad: 300000, script: 30000}, unhandledPromptBehavior: dismiss and notify, webauthn:extension:largeBlob: true, webauthn:virtualAuthenticators: true}
Session ID: 5c0fe5672988345ad80c99e4924e970b
*** Element info: {Using=xpath, value=//*[@id="root"]/div/div/div/div/div[text()='Sorry, something went wrong. Please try again.']}
2021-05-16 21:23:34.876 [main][29855] INFO  step_definition.Hooks - Close Chrome Browser
2021-05-16 21:23:36.024 [main][31003] INFO  step_definition.Hooks - Launch Chrome Browser
2021-05-16 21:23:42.131 [main][37110] INFO  page_objects.Login_page - username  is entered
2021-05-16 21:23:43.331 [main][38310] INFO  page_objects.Login_page - password  is entered
2021-05-16 21:23:46.652 [main][41631] INFO  page_objects.Login_page - sign in button clicked
2021-05-16 21:24:01.698 [main][56677] ERROR command_providers.ElementActions - Element Exception for the locator By.xpath: //input[@id='username']/following::span[text()='Please enter a valid password'][2] and exception is: org.openqa.selenium.NoSuchElementException: no such element: Unable to locate element: {"method":"xpath","selector":"//input[@id='username']/following::span[text()='Please enter a valid password'][2]"}
  (Session info: chrome=90.0.4430.212)
For documentation on this error, please visit: https://www.seleniumhq.org/exceptions/no_such_element.html
Build info: version: '3.141.59', revision: 'e82be7d358', time: '2018-11-14T08:17:03'
System info: host: 'LAPTOP-LMD2MKNK', ip: '192.168.1.25', os.name: 'Windows 10', os.arch: 'amd64', os.version: '10.0', java.version: '11.0.11'
Driver info: org.openqa.selenium.chrome.ChromeDriver
Capabilities {acceptInsecureCerts: false, browserName: chrome, browserVersion: 90.0.4430.212, chrome: {chromedriverVersion: 90.0.4430.24 (4c6d850f087da..., userDataDir: C:\Users\alimu\AppData\Loca...}, goog:chromeOptions: {debuggerAddress: localhost:52758}, javascriptEnabled: true, networkConnectionEnabled: false, pageLoadStrategy: normal, platform: WINDOWS, platformName: WINDOWS, proxy: Proxy(), setWindowRect: true, strictFileInteractability: false, timeouts: {implicit: 0, pageLoad: 300000, script: 30000}, unhandledPromptBehavior: dismiss and notify, webauthn:extension:largeBlob: true, webauthn:virtualAuthenticators: true}
Session ID: 656c12353e91d1fe1f41b668cf413df9
*** Element info: {Using=xpath, value=//input[@id='username']/following::span[text()='Please enter a valid password'][2]}
2021-05-16 21:24:02.334 [main][57313] INFO  step_definition.Hooks - Close Chrome Browser
